2026-05-28 14:45:16 [INFO] c.smartBanking.bank.BankApplication -Starting BankApplication using Java 21.0.10 with PID 17360 (C:\Users\vinay\git\SmartBankingsystem\bank\target\classes started by vinay in C:\Users\vinay\git\SmartBankingsystem\bank)
2026-05-28 14:45:16 [INFO] c.smartBanking.bank.BankApplication -No active profile set, falling back to 1 default profile: "default"
2026-05-28 14:48:15 [INFO] c.smartBanking.bank.BankApplication -Starting BankApplication using Java 21.0.10 with PID 18748 (C:\Users\vinay\git\SmartBankingsystem\bank\target\classes started by vinay in C:\Users\vinay\git\SmartBankingsystem\bank)
2026-05-28 14:48:15 [INFO] c.smartBanking.bank.BankApplication -No active profile set, falling back to 1 default profile: "default"
2026-05-28 14:49:28 [INFO] c.smartBanking.bank.BankApplication -Starting BankApplication using Java 21.0.10 with PID 9204 (C:\Users\vinay\git\SmartBankingsystem\bank\target\classes started by vinay in C:\Users\vinay\git\SmartBankingsystem\bank)
2026-05-28 14:49:28 [INFO] c.smartBanking.bank.BankApplication -No active profile set, falling back to 1 default profile: "default"
2026-05-28 14:50:08 [INFO] c.smartBanking.bank.BankApplication -Starting BankApplication using Java 21.0.10 with PID 18492 (C:\Users\vinay\git\SmartBankingsystem\bank\target\classes started by vinay in C:\Users\vinay\git\SmartBankingsystem\bank)
2026-05-28 14:50:08 [INFO] c.smartBanking.bank.BankApplication -No active profile set, falling back to 1 default profile: "default"
2026-05-28 14:50:12 [INFO] c.smartBanking.bank.BankApplication -Started BankApplication in 4.221 seconds (process running for 4.539)
2026-05-28 15:00:40 [INFO] c.smartBanking.bank.BankApplication -Starting BankApplication using Java 21.0.10 with PID 3004 (C:\Users\vinay\git\SmartBankingsystem\bank\target\classes started by vinay in C:\Users\vinay\git\SmartBankingsystem\bank)
2026-05-28 15:00:40 [INFO] c.smartBanking.bank.BankApplication -No active profile set, falling back to 1 default profile: "default"
2026-05-28 15:00:44 [INFO] c.smartBanking.bank.BankApplication -Started BankApplication in 4.642 seconds (process running for 4.988)
2026-05-28 15:00:53 [INFO] c.s.b.A.Controller.AccountController -Fetching Account details for Email vinay@gmail.com
2026-05-28 15:00:54 [INFO] c.s.b.A.Service.AccountServiceImp -Fetched Account details for Email : vinay@gmail.com
2026-05-28 15:01:27 [INFO] c.s.b.A.Controller.AccountController -Fetching Account details for Email vinay@gmail.com
2026-05-28 15:01:27 [INFO] c.s.b.A.Service.AccountServiceImp -Fetched Account details for Email : vinay@gmail.com
2026-05-28 15:01:38 [INFO] c.s.b.A.Controller.AccountController -Fetching Account details for Email vinay@gmail.com
2026-05-28 15:01:38 [INFO] c.s.b.A.Service.AccountServiceImp -Fetched Account details for Email : vinay@gmail.com
2026-05-28 15:01:46 [INFO] c.s.b.A.Controller.AccountController -Fetching Account details for Email vinay@gmail.com
2026-05-28 15:01:46 [INFO] c.s.b.A.Service.AccountServiceImp -Fetched Account details for Email : vinay@gmail.com
2026-05-28 15:07:47 [INFO] c.smartBanking.bank.BankApplication -Starting BankApplication using Java 21.0.10 with PID 15080 (C:\Users\vinay\git\SmartBankingsystem\bank\target\classes started by vinay in C:\Users\vinay\git\SmartBankingsystem\bank)
2026-05-28 15:07:47 [INFO] c.smartBanking.bank.BankApplication -No active profile set, falling back to 1 default profile: "default"
2026-05-28 15:07:51 [INFO] c.smartBanking.bank.BankApplication -Started BankApplication in 4.522 seconds (process running for 4.86)
2026-05-28 15:09:17 [INFO] c.smartBanking.bank.BankApplication -Starting BankApplication using Java 21.0.10 with PID 15372 (C:\Users\vinay\git\SmartBankingsystem\bank\target\classes started by vinay in C:\Users\vinay\git\SmartBankingsystem\bank)
2026-05-28 15:09:17 [INFO] c.smartBanking.bank.BankApplication -No active profile set, falling back to 1 default profile: "default"
2026-05-28 15:09:21 [INFO] c.smartBanking.bank.BankApplication -Started BankApplication in 4.677 seconds (process running for 5.013)
2026-05-28 15:14:01 [INFO] c.smartBanking.bank.BankApplication -Starting BankApplication using Java 21.0.10 with PID 6504 (C:\Users\vinay\git\SmartBankingsystem\bank\target\classes started by vinay in C:\Users\vinay\git\SmartBankingsystem\bank)
2026-05-28 15:14:01 [INFO] c.smartBanking.bank.BankApplication -No active profile set, falling back to 1 default profile: "default"
2026-05-28 15:14:05 [INFO] c.smartBanking.bank.BankApplication -Started BankApplication in 4.503 seconds (process running for 4.836)
2026-05-28 15:21:24 [INFO] c.smartBanking.bank.BankApplication -Starting BankApplication using Java 21.0.10 with PID 16752 (C:\Users\vinay\git\SmartBankingsystem\bank\target\classes started by vinay in C:\Users\vinay\git\SmartBankingsystem\bank)
2026-05-28 15:21:24 [INFO] c.smartBanking.bank.BankApplication -No active profile set, falling back to 1 default profile: "default"
2026-05-28 15:21:30 [INFO] c.smartBanking.bank.BankApplication -Started BankApplication in 6.755 seconds (process running for 7.233)
2026-05-28 15:31:01 [INFO] c.smartBanking.bank.BankApplication -Starting BankApplication using Java 21.0.10 with PID 2720 (C:\Users\vinay\git\SmartBankingsystem\bank\target\classes started by vinay in C:\Users\vinay\git\SmartBankingsystem\bank)
2026-05-28 15:31:01 [INFO] c.smartBanking.bank.BankApplication -No active profile set, falling back to 1 default profile: "default"
2026-05-28 15:31:16 [INFO] c.smartBanking.bank.BankApplication -Started BankApplication in 17.48 seconds (process running for 18.914)
2026-05-28 15:32:55 [INFO] c.smartBanking.bank.BankApplication -Starting BankApplication using Java 21.0.10 with PID 3872 (C:\Users\vinay\git\SmartBankingsystem\bank\target\classes started by vinay in C:\Users\vinay\git\SmartBankingsystem\bank)
2026-05-28 15:32:55 [INFO] c.smartBanking.bank.BankApplication -No active profile set, falling back to 1 default profile: "default"
2026-05-28 15:33:11 [INFO] c.smartBanking.bank.BankApplication -Started BankApplication in 18.656 seconds (process running for 20.066)
2026-05-28 15:42:19 [INFO] c.smartBanking.bank.BankApplication -Starting BankApplication using Java 21.0.10 with PID 13096 (C:\Users\vinay\git\SmartBankingsystem\bank\target\classes started by vinay in C:\Users\vinay\git\SmartBankingsystem\bank)
2026-05-28 15:42:19 [INFO] c.smartBanking.bank.BankApplication -No active profile set, falling back to 1 default profile: "default"
2026-05-28 15:42:23 [INFO] c.smartBanking.bank.BankApplication -Started BankApplication in 4.494 seconds (process running for 4.839)
2026-05-28 15:50:46 [INFO] c.smartBanking.bank.BankApplication -Starting BankApplication using Java 21.0.10 with PID 14508 (C:\Users\vinay\git\SmartBankingsystem\bank\target\classes started by vinay in C:\Users\vinay\git\SmartBankingsystem\bank)
2026-05-28 15:50:46 [INFO] c.smartBanking.bank.BankApplication -No active profile set, falling back to 1 default profile: "default"
2026-05-28 15:50:50 [INFO] c.smartBanking.bank.BankApplication -Started BankApplication in 4.377 seconds (process running for 4.713)
2026-05-28 15:52:43 [INFO] c.smartBanking.bank.BankApplication -Starting BankApplication using Java 21.0.10 with PID 22700 (C:\Users\vinay\git\SmartBankingsystem\bank\target\classes started by vinay in C:\Users\vinay\git\SmartBankingsystem\bank)
2026-05-28 15:52:43 [INFO] c.smartBanking.bank.BankApplication -No active profile set, falling back to 1 default profile: "default"
2026-05-28 15:52:47 [INFO] c.smartBanking.bank.BankApplication -Started BankApplication in 4.929 seconds (process running for 5.273)
2026-05-28 15:54:56 [INFO] c.smartBanking.bank.BankApplication -Starting BankApplication using Java 21.0.10 with PID 23196 (C:\Users\vinay\git\SmartBankingsystem\bank\target\classes started by vinay in C:\Users\vinay\git\SmartBankingsystem\bank)
2026-05-28 15:54:56 [INFO] c.smartBanking.bank.BankApplication -No active profile set, falling back to 1 default profile: "default"
2026-05-28 15:57:43 [INFO] c.smartBanking.bank.BankApplication -Starting BankApplication using Java 21.0.10 with PID 17068 (C:\Users\vinay\git\SmartBankingsystem\bank\target\classes started by vinay in C:\Users\vinay\git\SmartBankingsystem\bank)
2026-05-28 15:57:43 [INFO] c.smartBanking.bank.BankApplication -No active profile set, falling back to 1 default profile: "default"
2026-05-28 15:58:32 [INFO] c.smartBanking.bank.BankApplication -Starting BankApplication using Java 21.0.10 with PID 13568 (C:\Users\vinay\git\SmartBankingsystem\bank\target\classes started by vinay in C:\Users\vinay\git\SmartBankingsystem\bank)
2026-05-28 15:58:32 [INFO] c.smartBanking.bank.BankApplication -No active profile set, falling back to 1 default profile: "default"
2026-05-28 15:58:36 [INFO] c.smartBanking.bank.BankApplication -Started BankApplication in 4.379 seconds (process running for 4.693)
2026-05-28 15:59:41 [INFO] c.smartBanking.bank.BankApplication -Starting BankApplication using Java 21.0.10 with PID 10504 (C:\Users\vinay\git\SmartBankingsystem\bank\target\classes started by vinay in C:\Users\vinay\git\SmartBankingsystem\bank)
2026-05-28 15:59:41 [INFO] c.smartBanking.bank.BankApplication -No active profile set, falling back to 1 default profile: "default"
2026-05-28 15:59:45 [INFO] c.smartBanking.bank.BankApplication -Started BankApplication in 4.493 seconds (process running for 4.817)
2026-05-28 16:38:34 [INFO] c.smartBanking.bank.BankApplication -Starting BankApplication using Java 21.0.10 with PID 7860 (C:\Users\vinay\git\SmartBankingsystem\bank\target\classes started by vinay in C:\Users\vinay\git\SmartBankingsystem\bank)
2026-05-28 16:38:34 [INFO] c.smartBanking.bank.BankApplication -No active profile set, falling back to 1 default profile: "default"
2026-05-28 16:50:18 [INFO] c.smartBanking.bank.BankApplication -Starting BankApplication using Java 21.0.10 with PID 5784 (C:\Users\vinay\git\SmartBankingsystem\bank\target\classes started by vinay in C:\Users\vinay\git\SmartBankingsystem\bank)
2026-05-28 16:50:18 [INFO] c.smartBanking.bank.BankApplication -No active profile set, falling back to 1 default profile: "default"
