2026-05-30 14:08:56 [INFO] c.smartBanking.bank.BankApplication -Starting BankApplication using Java 21.0.10 with PID 7368 (C:\Users\vinay\git\SmartBankingsystem\bank\target\classes started by vinay in C:\Users\vinay\git\SmartBankingsystem\bank)
2026-05-30 14:08:56 [INFO] c.smartBanking.bank.BankApplication -No active profile set, falling back to 1 default profile: "default"
2026-05-30 14:09:00 [INFO] c.smartBanking.bank.BankApplication -Started BankApplication in 4.808 seconds (process running for 5.198)
2026-05-30 14:11:02 [INFO] c.smartBanking.bank.BankApplication -Starting BankApplication using Java 21.0.10 with PID 16952 (C:\Users\vinay\git\SmartBankingsystem\bank\target\classes started by vinay in C:\Users\vinay\git\SmartBankingsystem\bank)
2026-05-30 14:11:02 [INFO] c.smartBanking.bank.BankApplication -No active profile set, falling back to 1 default profile: "default"
2026-05-30 14:11:06 [INFO] c.smartBanking.bank.BankApplication -Started BankApplication in 4.394 seconds (process running for 4.716)
2026-05-30 14:11:54 [INFO] c.s.b.User.Controller.UserController -Login request received for Email 1@gmail.com
2026-05-30 14:11:54 [INFO] c.s.bank.User.Service.UserServiceImp -User Login Successfully 1@gmail.com
2026-05-30 14:16:27 [INFO] c.smartBanking.bank.BankApplication -Starting BankApplication using Java 21.0.10 with PID 7688 (C:\Users\vinay\git\SmartBankingsystem\bank\target\classes started by vinay in C:\Users\vinay\git\SmartBankingsystem\bank)
2026-05-30 14:16:27 [INFO] c.smartBanking.bank.BankApplication -No active profile set, falling back to 1 default profile: "default"
2026-05-30 14:16:32 [INFO] c.smartBanking.bank.BankApplication -Started BankApplication in 4.698 seconds (process running for 5.031)
2026-05-30 14:21:40 [INFO] c.smartBanking.bank.BankApplication -Starting BankApplication using Java 21.0.10 with PID 17280 (C:\Users\vinay\git\SmartBankingsystem\bank\target\classes started by vinay in C:\Users\vinay\git\SmartBankingsystem\bank)
2026-05-30 14:21:40 [INFO] c.smartBanking.bank.BankApplication -No active profile set, falling back to 1 default profile: "default"
2026-05-30 14:21:45 [INFO] c.smartBanking.bank.BankApplication -Started BankApplication in 4.79 seconds (process running for 5.13)
2026-05-30 14:23:36 [INFO] c.s.b.User.Controller.UserController -Login request received for Email admin@bank.com
2026-05-30 14:23:36 [INFO] c.s.bank.User.Service.UserServiceImp -User Login Successfully admin@bank.com
2026-05-30 14:55:47 [INFO] c.smartBanking.bank.BankApplication -Starting BankApplication using Java 21.0.10 with PID 19544 (C:\Users\vinay\git\SmartBankingsystem\bank\target\classes started by vinay in C:\Users\vinay\git\SmartBankingsystem\bank)
2026-05-30 14:55:47 [INFO] c.smartBanking.bank.BankApplication -No active profile set, falling back to 1 default profile: "default"
2026-05-30 14:55:51 [INFO] c.smartBanking.bank.BankApplication -Started BankApplication in 4.507 seconds (process running for 4.885)
2026-05-30 16:12:58 [INFO] c.smartBanking.bank.BankApplication -Starting BankApplication using Java 21.0.10 with PID 2688 (C:\Users\vinay\git\SmartBankingsystem\bank\target\classes started by vinay in C:\Users\vinay\git\SmartBankingsystem\bank)
2026-05-30 16:12:58 [INFO] c.smartBanking.bank.BankApplication -No active profile set, falling back to 1 default profile: "default"
2026-05-30 16:13:02 [INFO] c.smartBanking.bank.BankApplication -Started BankApplication in 4.656 seconds (process running for 5.013)
2026-05-30 16:13:29 [INFO] c.s.b.User.Controller.UserController -Login request received for Email admin@bank.com
2026-05-30 16:13:29 [INFO] c.s.bank.User.Service.UserServiceImp -User Login Successfully admin@bank.com
2026-05-30 16:36:51 [INFO] c.smartBanking.bank.BankApplication -Starting BankApplication using Java 21.0.10 with PID 8284 (C:\Users\vinay\git\SmartBankingsystem\bank\target\classes started by vinay in C:\Users\vinay\git\SmartBankingsystem\bank)
2026-05-30 16:36:51 [INFO] c.smartBanking.bank.BankApplication -No active profile set, falling back to 1 default profile: "default"
2026-05-30 16:36:55 [INFO] c.smartBanking.bank.BankApplication -Started BankApplication in 4.536 seconds (process running for 4.905)
2026-05-30 16:38:20 [INFO] c.s.b.User.Controller.UserController -Login request received for Email admin@bank.com
2026-05-30 16:38:20 [INFO] c.s.bank.User.Service.UserServiceImp -User Login Successfully admin@bank.com
2026-05-30 16:38:45 [INFO] c.s.b.User.Controller.UserController -Login request received for Email admin@bank.com
2026-05-30 16:38:54 [INFO] c.s.b.User.Controller.UserController -Login request received for Email admin@bank.com
2026-05-30 16:38:54 [INFO] c.s.bank.User.Service.UserServiceImp -User Login Successfully admin@bank.com
2026-05-30 17:03:22 [INFO] c.smartBanking.bank.BankApplication -Starting BankApplication using Java 21.0.10 with PID 15980 (C:\Users\vinay\git\SmartBankingsystem\bank\target\classes started by vinay in C:\Users\vinay\git\SmartBankingsystem\bank)
2026-05-30 17:03:22 [INFO] c.smartBanking.bank.BankApplication -No active profile set, falling back to 1 default profile: "default"
2026-05-30 17:04:23 [INFO] c.smartBanking.bank.BankApplication -Starting BankApplication using Java 21.0.10 with PID 6060 (C:\Users\vinay\git\SmartBankingsystem\bank\target\classes started by vinay in C:\Users\vinay\git\SmartBankingsystem\bank)
2026-05-30 17:04:23 [INFO] c.smartBanking.bank.BankApplication -No active profile set, falling back to 1 default profile: "default"
2026-05-30 17:04:26 [INFO] c.smartBanking.bank.BankApplication -Started BankApplication in 4.38 seconds (process running for 4.712)
2026-05-30 17:04:47 [INFO] c.s.b.User.Controller.UserController -Login request received for Email admin@bank.com
2026-05-30 17:04:47 [INFO] c.s.bank.User.Service.UserServiceImp -User Login Successfully admin@bank.com
2026-05-30 17:28:54 [INFO] c.smartBanking.bank.BankApplication -Starting BankApplication using Java 21.0.10 with PID 14648 (C:\Users\vinay\git\SmartBankingsystem\bank\target\classes started by vinay in C:\Users\vinay\git\SmartBankingsystem\bank)
2026-05-30 17:28:54 [INFO] c.smartBanking.bank.BankApplication -No active profile set, falling back to 1 default profile: "default"
2026-05-30 17:28:58 [INFO] c.smartBanking.bank.BankApplication -Started BankApplication in 4.385 seconds (process running for 4.701)
2026-05-30 17:29:06 [INFO] c.s.b.User.Controller.UserController -Login request received for Email admin@bank.com
2026-05-30 17:29:06 [INFO] c.s.bank.User.Service.UserServiceImp -User Login Successfully admin@bank.com
2026-05-30 17:34:38 [INFO] c.smartBanking.bank.BankApplication -Starting BankApplication using Java 21.0.10 with PID 20544 (C:\Users\vinay\git\SmartBankingsystem\bank\target\classes started by vinay in C:\Users\vinay\git\SmartBankingsystem\bank)
2026-05-30 17:34:38 [INFO] c.smartBanking.bank.BankApplication -No active profile set, falling back to 1 default profile: "default"
2026-05-30 17:34:42 [INFO] c.smartBanking.bank.BankApplication -Started BankApplication in 4.429 seconds (process running for 4.776)
2026-05-30 17:38:40 [INFO] c.smartBanking.bank.BankApplication -Starting BankApplication using Java 21.0.10 with PID 12528 (C:\Users\vinay\git\SmartBankingsystem\bank\target\classes started by vinay in C:\Users\vinay\git\SmartBankingsystem\bank)
2026-05-30 17:38:40 [INFO] c.smartBanking.bank.BankApplication -No active profile set, falling back to 1 default profile: "default"
2026-05-30 17:38:44 [INFO] c.smartBanking.bank.BankApplication -Started BankApplication in 4.307 seconds (process running for 4.637)
2026-05-30 17:40:06 [INFO] c.smartBanking.bank.BankApplication -Starting BankApplication using Java 21.0.10 with PID 1320 (C:\Users\vinay\git\SmartBankingsystem\bank\target\classes started by vinay in C:\Users\vinay\git\SmartBankingsystem\bank)
2026-05-30 17:40:06 [INFO] c.smartBanking.bank.BankApplication -No active profile set, falling back to 1 default profile: "default"
2026-05-30 17:40:10 [INFO] c.smartBanking.bank.BankApplication -Started BankApplication in 4.425 seconds (process running for 4.738)
2026-05-30 17:46:46 [INFO] c.smartBanking.bank.BankApplication -Starting BankApplication using Java 21.0.10 with PID 12076 (C:\Users\vinay\git\SmartBankingsystem\bank\target\classes started by vinay in C:\Users\vinay\git\SmartBankingsystem\bank)
2026-05-30 17:46:46 [INFO] c.smartBanking.bank.BankApplication -No active profile set, falling back to 1 default profile: "default"
2026-05-30 17:46:49 [INFO] c.smartBanking.bank.BankApplication -Started BankApplication in 4.377 seconds (process running for 4.722)
2026-05-30 17:47:58 [INFO] c.smartBanking.bank.BankApplication -Starting BankApplication using Java 21.0.10 with PID 20200 (C:\Users\vinay\git\SmartBankingsystem\bank\target\classes started by vinay in C:\Users\vinay\git\SmartBankingsystem\bank)
2026-05-30 17:47:58 [INFO] c.smartBanking.bank.BankApplication -No active profile set, falling back to 1 default profile: "default"
2026-05-30 17:48:23 [INFO] c.smartBanking.bank.BankApplication -Starting BankApplication using Java 21.0.10 with PID 17996 (C:\Users\vinay\git\SmartBankingsystem\bank\target\classes started by vinay in C:\Users\vinay\git\SmartBankingsystem\bank)
2026-05-30 17:48:23 [INFO] c.smartBanking.bank.BankApplication -No active profile set, falling back to 1 default profile: "default"
2026-05-30 17:48:26 [INFO] c.smartBanking.bank.BankApplication -Started BankApplication in 4.307 seconds (process running for 4.639)
2026-05-30 17:48:37 [INFO] c.s.b.User.Controller.UserController -Registration request received for Email  b@gmail.com
2026-05-30 17:48:37 [INFO] c.s.bank.User.Service.UserServiceImp -User Sucessfully Register b@gmail.com
2026-05-30 17:49:18 [INFO] c.smartBanking.bank.BankApplication -Starting BankApplication using Java 21.0.10 with PID 1432 (C:\Users\vinay\git\SmartBankingsystem\bank\target\classes started by vinay in C:\Users\vinay\git\SmartBankingsystem\bank)
2026-05-30 17:49:18 [INFO] c.smartBanking.bank.BankApplication -No active profile set, falling back to 1 default profile: "default"
2026-05-30 17:49:36 [INFO] c.smartBanking.bank.BankApplication -Starting BankApplication using Java 21.0.10 with PID 3828 (C:\Users\vinay\git\SmartBankingsystem\bank\target\classes started by vinay in C:\Users\vinay\git\SmartBankingsystem\bank)
2026-05-30 17:49:36 [INFO] c.smartBanking.bank.BankApplication -No active profile set, falling back to 1 default profile: "default"
2026-05-30 17:49:40 [INFO] c.smartBanking.bank.BankApplication -Started BankApplication in 4.281 seconds (process running for 4.601)
2026-05-30 17:52:49 [INFO] c.s.b.User.Controller.UserController -Registration request received for Email  b@gmail.com
2026-05-30 17:52:49 [WARN] c.s.bank.User.Service.UserServiceImp -Registration failed. Email alreday exists: b@gmail.com
